[debug] [2018-06-19T12:25:58.634Z] ----------------------------------------------------------------------
[debug] [2018-06-19T12:25:58.637Z] Command:       /Users/sharduldeshpande/.nvm/versions/node/v9.4.0/bin/node /Users/sharduldeshpande/.nvm/versions/node/v9.4.0/bin/firebase serve
[debug] [2018-06-19T12:25:58.637Z] CLI Version:   3.18.6
[debug] [2018-06-19T12:25:58.637Z] Platform:      darwin
[debug] [2018-06-19T12:25:58.637Z] Node Version:  v9.4.0
[debug] [2018-06-19T12:25:58.637Z] Time:          Tue Jun 19 2018 17:55:58 GMT+0530 (IST)
[debug] [2018-06-19T12:25:58.637Z] ----------------------------------------------------------------------
[debug] 
[debug] [2018-06-19T12:25:58.647Z] > command requires scopes: ["email","openid","https://www.googleapis.com/auth/cloudplatformprojects.readonly","https://www.googleapis.com/auth/firebase","https://www.googleapis.com/auth/cloud-platform"]
[debug] [2018-06-19T12:25:58.648Z] > authorizing via signed-in user
[debug] [2018-06-19T12:25:58.650Z] >>> HTTP REQUEST GET https://admin.firebase.com/v1/projects/test-society-51be7  
  
 Tue Jun 19 2018 17:55:58 GMT+0530 (IST)
[debug] [2018-06-19T12:26:00.406Z] <<< HTTP RESPONSE 200
[debug] [2018-06-19T12:26:00.407Z] >>> HTTP REQUEST GET https://admin.firebase.com/v1/database/test-society-51be7/tokens  
  
 Tue Jun 19 2018 17:56:00 GMT+0530 (IST)
[debug] [2018-06-19T12:26:01.669Z] <<< HTTP RESPONSE 200
[debug] [2018-06-19T12:26:01.671Z] >>> HTTP REQUEST GET https://cloudresourcemanager.googleapis.com/v1/projects/test-society-51be7  
  
 Tue Jun 19 2018 17:56:01 GMT+0530 (IST)
[debug] [2018-06-19T12:26:31.684Z] Error: getaddrinfo ENOTFOUND cloudresourcemanager.googleapis.com cloudresourcemanager.googleapis.com:443
    at errnoException (dns.js:55:10)
    at GetAddrInfoReqWrap.onlookup [as oncomplete] (dns.js:97:26)
[error] 
[error] Error: Server Error. getaddrinfo ENOTFOUND cloudresourcemanager.googleapis.com cloudresourcemanager.googleapis.com:443
