[debug] [2018-06-18T08:54:14.511Z] ----------------------------------------------------------------------
[debug] [2018-06-18T08:54:14.513Z] Command:       /Users/sharduldeshpande/.nvm/versions/node/v9.4.0/bin/node /Users/sharduldeshpande/.nvm/versions/node/v9.4.0/bin/firebase serve
[debug] [2018-06-18T08:54:14.514Z] CLI Version:   3.18.6
[debug] [2018-06-18T08:54:14.514Z] Platform:      darwin
[debug] [2018-06-18T08:54:14.514Z] Node Version:  v9.4.0
[debug] [2018-06-18T08:54:14.514Z] Time:          Mon Jun 18 2018 14:24:14 GMT+0530 (IST)
[debug] [2018-06-18T08:54:14.514Z] ----------------------------------------------------------------------
[debug] 
[debug] [2018-06-18T08:54:14.525Z] > command requires scopes: ["email","openid","https://www.googleapis.com/auth/cloudplatformprojects.readonly","https://www.googleapis.com/auth/firebase","https://www.googleapis.com/auth/cloud-platform"]
[debug] [2018-06-18T08:54:14.525Z] > authorizing via signed-in user
[debug] [2018-06-18T08:54:14.527Z] > refreshing access token with scopes: ["email","https://www.googleapis.com/auth/cloud-platform","https://www.googleapis.com/auth/cloudplatformprojects.readonly","https://www.googleapis.com/auth/firebase","openid"]
[debug] [2018-06-18T08:54:14.527Z] >>> HTTP REQUEST POST https://www.googleapis.com/oauth2/v3/token  
 { refresh_token: '1/A7YSVCvkVaLNUmsy_37bIcERUAO2NqZmsP59naKUwR4',
  client_id: '563584335869-fgrhgmd47bqnekij5i8b5pr03ho849e6.apps.googleusercontent.com',
  client_secret: 'j9iVZfS8kkCEFUPaAeJV0sAi',
  grant_type: 'refresh_token',
  scope: 'email https://www.googleapis.com/auth/cloud-platform https://www.googleapis.com/auth/cloudplatformprojects.readonly https://www.googleapis.com/auth/firebase openid' } 
 Mon Jun 18 2018 14:24:14 GMT+0530 (IST)
[debug] [2018-06-18T08:54:16.239Z] <<< HTTP RESPONSE 200
[debug] [2018-06-18T08:54:16.260Z] >>> HTTP REQUEST GET https://admin.firebase.com/v1/projects/test-society-51be7  
  
 Mon Jun 18 2018 14:24:16 GMT+0530 (IST)
[debug] [2018-06-18T08:54:46.276Z] Error: getaddrinfo ENOTFOUND admin.firebase.com admin.firebase.com:443
    at errnoException (dns.js:55:10)
    at GetAddrInfoReqWrap.onlookup [as oncomplete] (dns.js:97:26)
[error] 
[error] Error: Server Error. getaddrinfo ENOTFOUND admin.firebase.com admin.firebase.com:443
[debug] [2018-06-18T08:54:53.917Z] ----------------------------------------------------------------------
[debug] [2018-06-18T08:54:53.919Z] Command:       /Users/sharduldeshpande/.nvm/versions/node/v9.4.0/bin/node /Users/sharduldeshpande/.nvm/versions/node/v9.4.0/bin/firebase serve
[debug] [2018-06-18T08:54:53.919Z] CLI Version:   3.18.6
[debug] [2018-06-18T08:54:53.919Z] Platform:      darwin
[debug] [2018-06-18T08:54:53.919Z] Node Version:  v9.4.0
[debug] [2018-06-18T08:54:53.920Z] Time:          Mon Jun 18 2018 14:24:53 GMT+0530 (IST)
[debug] [2018-06-18T08:54:53.920Z] ----------------------------------------------------------------------
[debug] 
[debug] [2018-06-18T08:54:53.931Z] > command requires scopes: ["email","openid","https://www.googleapis.com/auth/cloudplatformprojects.readonly","https://www.googleapis.com/auth/firebase","https://www.googleapis.com/auth/cloud-platform"]
[debug] [2018-06-18T08:54:53.931Z] > authorizing via signed-in user
[debug] [2018-06-18T08:54:53.933Z] >>> HTTP REQUEST GET https://admin.firebase.com/v1/projects/test-society-51be7  
  
 Mon Jun 18 2018 14:24:53 GMT+0530 (IST)
[debug] [2018-06-18T08:54:59.704Z] <<< HTTP RESPONSE 200
[debug] [2018-06-18T08:54:59.705Z] >>> HTTP REQUEST GET https://admin.firebase.com/v1/database/test-society-51be7/tokens  
  
 Mon Jun 18 2018 14:24:59 GMT+0530 (IST)
[debug] [2018-06-18T08:55:01.120Z] <<< HTTP RESPONSE 200
[debug] [2018-06-18T08:55:01.122Z] >>> HTTP REQUEST GET https://cloudresourcemanager.googleapis.com/v1/projects/test-society-51be7  
  
 Mon Jun 18 2018 14:25:01 GMT+0530 (IST)
[debug] [2018-06-18T08:55:31.135Z] Error: getaddrinfo ENOTFOUND cloudresourcemanager.googleapis.com cloudresourcemanager.googleapis.com:443
    at errnoException (dns.js:55:10)
    at GetAddrInfoReqWrap.onlookup [as oncomplete] (dns.js:97:26)
[error] 
[error] Error: Server Error. getaddrinfo ENOTFOUND cloudresourcemanager.googleapis.com cloudresourcemanager.googleapis.com:443
